# JRE version: OpenJDK Runtime Environment Temurin-21.0.9+10 (21.0.9+10) (build 21.0.9+10-LTS)
# Java VM: OpenJDK 64-Bit Server VM Temurin-21.0.9+10 (21.0.9+10-LTS, mixed mode, sharing, tiered, compressed oops, compressed class ptrs, parallel gc, windows-amd64)
GC Precious Log:
 CardTable entry size: 512
 CPUs: 8 total, 8 available
 Memory: 8070M
 Large Page Support: Disabled
 NUMA Support: Disabled
 Compressed Oops: Enabled (32-bit)
 Alignments: Space 512K, Generation 512K, Heap 2M
 Heap Min Capacity: 100M
 Heap Initial Capacity: 100M
 Heap Max Capacity: 2G
 Pre-touch: Disabled
 Parallel Workers: 8
Heap:
 PSYoungGen      total 3584K, used 604K [0x00000000d5580000, 0x00000000d5a80000, 0x0000000100000000)
  eden space 3072K, 11% used [0x00000000d5580000,0x00000000d55d72b8,0x00000000d5880000)
  from space 512K, 50% used [0x00000000d5880000,0x00000000d58c0000,0x00000000d5900000)
  to   space 512K, 0% used [0x00000000d5a00000,0x00000000d5a00000,0x00000000d5a80000)
 ParOldGen       total 425984K, used 238678K [0x0000000080000000, 0x000000009a000000, 0x00000000d5580000)
  object space 425984K, 56% used [0x0000000080000000,0x000000008e915bf8,0x000000009a000000)
 Metaspace       used 78295K, committed 79936K, reserved 1179648K
  class space    used 10048K, committed 10816K, reserved 1048576K
GC Heap History (20 events):
Event: 235.633 GC heap before
{Heap before GC invocations=1351 (full 3):
 PSYoungGen      total 3584K, used 3168K [0x00000000d5580000, 0x00000000d5a80000, 0x0000000100000000)
  eden space 3072K, 100% used [0x00000000d5580000,0x00000000d5880000,0x00000000d5880000)
  from space 512K, 18% used [0x00000000d5880000,0x00000000d5898000,0x00000000d5900000)
  to   space 512K, 0% used [0x00000000d5a00000,0x00000000d5a00000,0x00000000d5a80000)
 ParOldGen       total 425984K, used 238022K [0x0000000080000000, 0x000000009a000000, 0x00000000d5580000)
  object space 425984K, 55% used [0x0000000080000000,0x000000008e871a40,0x000000009a000000)
 Metaspace       used 77216K, committed 78912K, reserved 1179648K
  class space    used 9918K, committed 10688K, reserved 1048576K
}
Event: 235.634 GC heap after
{Heap after GC invocations=1351 (full 3):
 PSYoungGen      total 3584K, used 160K [0x00000000d5580000, 0x00000000d5a80000, 0x0000000100000000)
  eden space 3072K, 0% used [0x00000000d5580000,0x00000000d5580000,0x00000000d5880000)
  from space 512K, 31% used [0x00000000d5a00000,0x00000000d5a28000,0x00000000d5a80000)
  to   space 512K, 0% used [0x00000000d5880000,0x00000000d5880000,0x00000000d5900000)
 ParOldGen       total 425984K, used 238022K [0x0000000080000000, 0x000000009a000000, 0x00000000d5580000)
  object space 425984K, 55% used [0x0000000080000000,0x000000008e871a40,0x000000009a000000)
 Metaspace       used 77216K, committed 78912K, reserved 1179648K
  class space    used 9918K, committed 10688K, reserved 1048576K
}
Event: 235.663 GC heap before
{Heap before GC invocations=1352 (full 3):
 PSYoungGen      total 3584K, used 3232K [0x00000000d5580000, 0x00000000d5a80000, 0x0000000100000000)
  eden space 3072K, 100% used [0x00000000d5580000,0x00000000d5880000,0x00000000d5880000)
  from space 512K, 31% used [0x00000000d5a00000,0x00000000d5a28000,0x00000000d5a80000)
  to   space 512K, 0% used [0x00000000d5880000,0x00000000d5880000,0x00000000d5900000)
 ParOldGen       total 425984K, used 238022K [0x0000000080000000, 0x000000009a000000, 0x00000000d5580000)
  object space 425984K, 55% used [0x0000000080000000,0x000000008e871a40,0x000000009a000000)
 Metaspace       used 77216K, committed 78912K, reserved 1179648K
  class space    used 9918K, committed 10688K, reserved 1048576K
}
Event: 235.664 GC heap after
{Heap after GC invocations=1352 (full 3):
 PSYoungGen      total 3584K, used 128K [0x00000000d5580000, 0x00000000d5a80000, 0x0000000100000000)
  eden space 3072K, 0% used [0x00000000d5580000,0x00000000d5580000,0x00000000d5880000)
  from space 512K, 25% used [0x00000000d5880000,0x00000000d58a0000,0x00000000d5900000)
  to   space 512K, 0% used [0x00000000d5a00000,0x00000000d5a00000,0x00000000d5a80000)
 ParOldGen       total 425984K, used 238030K [0x0000000080000000, 0x000000009a000000, 0x00000000d5580000)
  object space 425984K, 55% used [0x0000000080000000,0x000000008e873a40,0x000000009a000000)
 Metaspace       used 77216K, committed 78912K, reserved 1179648K
  class space    used 9918K, committed 10688K, reserved 1048576K
}
Event: 235.718 GC heap before
{Heap before GC invocations=1353 (full 3):
 PSYoungGen      total 3584K, used 3200K [0x00000000d5580000, 0x00000000d5a80000, 0x0000000100000000)
  eden space 3072K, 100% used [0x00000000d5580000,0x00000000d5880000,0x00000000d5880000)
  from space 512K, 25% used [0x00000000d5880000,0x00000000d58a0000,0x00000000d5900000)
  to   space 512K, 0% used [0x00000000d5a00000,0x00000000d5a00000,0x00000000d5a80000)
 ParOldGen       total 425984K, used 238030K [0x0000000080000000, 0x000000009a000000, 0x00000000d5580000)
  object space 425984K, 55% used [0x0000000080000000,0x000000008e873a40,0x000000009a000000)
 Metaspace       used 77216K, committed 78912K, reserved 1179648K
  class space    used 9918K, committed 10688K, reserved 1048576K
}
Event: 235.720 GC heap after
{Heap after GC invocations=1353 (full 3):
 PSYoungGen      total 3584K, used 128K [0x00000000d5580000, 0x00000000d5a80000, 0x0000000100000000)
  eden space 3072K, 0% used [0x00000000d5580000,0x00000000d5580000,0x00000000d5880000)
  from space 512K, 25% used [0x00000000d5a00000,0x00000000d5a20000,0x00000000d5a80000)
  to   space 512K, 0% used [0x00000000d5880000,0x00000000d5880000,0x00000000d5900000)
 ParOldGen       total 425984K, used 238038K [0x0000000080000000, 0x000000009a000000, 0x00000000d5580000)
  object space 425984K, 55% used [0x0000000080000000,0x000000008e875a40,0x000000009a000000)
 Metaspace       used 77216K, committed 78912K, reserved 1179648K
  class space    used 9918K, committed 10688K, reserved 1048576K
}
Event: 235.893 GC heap before
{Heap before GC invocations=1354 (full 3):
 PSYoungGen      total 3584K, used 3200K [0x00000000d5580000, 0x00000000d5a80000, 0x0000000100000000)
  eden space 3072K, 100% used [0x00000000d5580000,0x00000000d5880000,0x00000000d5880000)
  from space 512K, 25% used [0x00000000d5a00000,0x00000000d5a20000,0x00000000d5a80000)
  to   space 512K, 0% used [0x00000000d5880000,0x00000000d5880000,0x00000000d5900000)
 ParOldGen       total 425984K, used 238038K [0x0000000080000000, 0x000000009a000000, 0x00000000d5580000)
  object space 425984K, 55% used [0x0000000080000000,0x000000008e875a40,0x000000009a000000)
 Metaspace       used 77224K, committed 78912K, reserved 1179648K
  class space    used 9918K, committed 10688K, reserved 1048576K
}
Event: 235.894 GC heap after
{Heap after GC invocations=1354 (full 3):
 PSYoungGen      total 3584K, used 240K [0x00000000d5580000, 0x00000000d5a80000, 0x0000000100000000)
  eden space 3072K, 0% used [0x00000000d5580000,0x00000000d5580000,0x00000000d5880000)
  from space 512K, 46% used [0x00000000d5880000,0x00000000d58bc010,0x00000000d5900000)
  to   space 512K, 0% used [0x00000000d5a00000,0x00000000d5a00000,0x00000000d5a80000)
 ParOldGen       total 425984K, used 238038K [0x0000000080000000, 0x000000009a000000, 0x00000000d5580000)
  object space 425984K, 55% used [0x0000000080000000,0x000000008e875a40,0x000000009a000000)
 Metaspace       used 77224K, committed 78912K, reserved 1179648K
  class space    used 9918K, committed 10688K, reserved 1048576K
}
Event: 235.929 GC heap before
{Heap before GC invocations=1355 (full 3):
 PSYoungGen      total 3584K, used 3312K [0x00000000d5580000, 0x00000000d5a80000, 0x0000000100000000)
  eden space 3072K, 100% used [0x00000000d5580000,0x00000000d5880000,0x00000000d5880000)
  from space 512K, 46% used [0x00000000d5880000,0x00000000d58bc010,0x00000000d5900000)
  to   space 512K, 0% used [0x00000000d5a00000,0x00000000d5a00000,0x00000000d5a80000)
 ParOldGen       total 425984K, used 238038K [0x0000000080000000, 0x000000009a000000, 0x00000000d5580000)
  object space 425984K, 55% used [0x0000000080000000,0x000000008e875a40,0x000000009a000000)
 Metaspace       used 77246K, committed 78912K, reserved 1179648K
  class space    used 9918K, committed 10688K, reserved 1048576K
}
Event: 235.931 GC heap after
{Heap after GC invocations=1355 (full 3):
 PSYoungGen      total 3584K, used 281K [0x00000000d5580000, 0x00000000d5a80000, 0x0000000100000000)
  eden space 3072K, 0% used [0x00000000d5580000,0x00000000d5580000,0x00000000d5880000)
  from space 512K, 54% used [0x00000000d5a00000,0x00000000d5a46610,0x00000000d5a80000)
  to   space 512K, 0% used [0x00000000d5880000,0x00000000d5880000,0x00000000d5900000)
 ParOldGen       total 425984K, used 238062K [0x0000000080000000, 0x000000009a000000, 0x00000000d5580000)
  object space 425984K, 55% used [0x0000000080000000,0x000000008e87ba40,0x000000009a000000)
 Metaspace       used 77246K, committed 78912K, reserved 1179648K
  class space    used 9918K, committed 10688K, reserved 1048576K
}
Event: 236.192 GC heap before
{Heap before GC invocations=1356 (full 3):
 PSYoungGen      total 3584K, used 3353K [0x00000000d5580000, 0x00000000d5a80000, 0x0000000100000000)
  eden space 3072K, 100% used [0x00000000d5580000,0x00000000d5880000,0x00000000d5880000)
  from space 512K, 54% used [0x00000000d5a00000,0x00000000d5a46610,0x00000000d5a80000)
  to   space 512K, 0% used [0x00000000d5880000,0x00000000d5880000,0x00000000d5900000)
 ParOldGen       total 425984K, used 238062K [0x0000000080000000, 0x000000009a000000, 0x00000000d5580000)
  object space 425984K, 55% used [0x0000000080000000,0x000000008e87ba40,0x000000009a000000)
 Metaspace       used 77273K, committed 78912K, reserved 1179648K
  class space    used 9918K, committed 10688K, reserved 1048576K
}
Event: 236.194 GC heap after
{Heap after GC invocations=1356 (full 3):
 PSYoungGen      total 3584K, used 288K [0x00000000d5580000, 0x00000000d5a80000, 0x0000000100000000)
  eden space 3072K, 0% used [0x00000000d5580000,0x00000000d5580000,0x00000000d5880000)
  from space 512K, 56% used [0x00000000d5880000,0x00000000d58c8000,0x00000000d5900000)
  to   space 512K, 0% used [0x00000000d5a00000,0x00000000d5a00000,0x00000000d5a80000)
 ParOldGen       total 425984K, used 238176K [0x0000000080000000, 0x000000009a000000, 0x00000000d5580000)
  object space 425984K, 55% used [0x0000000080000000,0x000000008e8980d0,0x000000009a000000)
 Metaspace       used 77273K, committed 78912K, reserved 1179648K
  class space    used 9918K, committed 10688K, reserved 1048576K
}
Event: 236.506 GC heap before
{Heap before GC invocations=1357 (full 3):
 PSYoungGen      total 3584K, used 3360K [0x00000000d5580000, 0x00000000d5a80000, 0x0000000100000000)
  eden space 3072K, 100% used [0x00000000d5580000,0x00000000d5880000,0x00000000d5880000)
  from space 512K, 56% used [0x00000000d5880000,0x00000000d58c8000,0x00000000d5900000)
  to   space 512K, 0% used [0x00000000d5a00000,0x00000000d5a00000,0x00000000d5a80000)
 ParOldGen       total 425984K, used 238176K [0x0000000080000000, 0x000000009a000000, 0x00000000d5580000)
  object space 425984K, 55% used [0x0000000080000000,0x000000008e8980d0,0x000000009a000000)
 Metaspace       used 77283K, committed 78912K, reserved 1179648K
  class space    used 9918K, committed 10688K, reserved 1048576K
}
Event: 236.509 GC heap after
{Heap after GC invocations=1357 (full 3):
 PSYoungGen      total 3584K, used 288K [0x00000000d5580000, 0x00000000d5a80000, 0x0000000100000000)
  eden space 3072K, 0% used [0x00000000d5580000,0x00000000d5580000,0x00000000d5880000)
  from space 512K, 56% used [0x00000000d5a00000,0x00000000d5a48000,0x00000000d5a80000)
  to   space 512K, 0% used [0x00000000d5880000,0x00000000d5880000,0x00000000d5900000)
 ParOldGen       total 425984K, used 238208K [0x0000000080000000, 0x000000009a000000, 0x00000000d5580000)
  object space 425984K, 55% used [0x0000000080000000,0x000000008e8a00d0,0x000000009a000000)
 Metaspace       used 77283K, committed 78912K, reserved 1179648K
  class space    used 9918K, committed 10688K, reserved 1048576K
}
Event: 237.966 GC heap before
{Heap before GC invocations=1358 (full 3):
 PSYoungGen      total 3584K, used 3359K [0x00000000d5580000, 0x00000000d5a80000, 0x0000000100000000)
  eden space 3072K, 99% used [0x00000000d5580000,0x00000000d587ffd8,0x00000000d5880000)
  from space 512K, 56% used [0x00000000d5a00000,0x00000000d5a48000,0x00000000d5a80000)
  to   space 512K, 0% used [0x00000000d5880000,0x00000000d5880000,0x00000000d5900000)
 ParOldGen       total 425984K, used 238208K [0x0000000080000000, 0x000000009a000000, 0x00000000d5580000)
  object space 425984K, 55% used [0x0000000080000000,0x000000008e8a00d0,0x000000009a000000)
 Metaspace       used 77449K, committed 79104K, reserved 1179648K
  class space    used 9936K, committed 10688K, reserved 1048576K
}
Event: 237.967 GC heap after
{Heap after GC invocations=1358 (full 3):
 PSYoungGen      total 3584K, used 416K [0x00000000d5580000, 0x00000000d5a80000, 0x0000000100000000)
  eden space 3072K, 0% used [0x00000000d5580000,0x00000000d5580000,0x00000000d5880000)
  from space 512K, 81% used [0x00000000d5880000,0x00000000d58e8040,0x00000000d5900000)
  to   space 512K, 0% used [0x00000000d5a00000,0x00000000d5a00000,0x00000000d5a80000)
 ParOldGen       total 425984K, used 238271K [0x0000000080000000, 0x000000009a000000, 0x00000000d5580000)
  object space 425984K, 55% used [0x0000000080000000,0x000000008e8affa8,0x000000009a000000)
 Metaspace       used 77449K, committed 79104K, reserved 1179648K
  class space    used 9936K, committed 10688K, reserved 1048576K
}
Event: 239.606 GC heap before
{Heap before GC invocations=1359 (full 3):
 PSYoungGen      total 3584K, used 3488K [0x00000000d5580000, 0x00000000d5a80000, 0x0000000100000000)
  eden space 3072K, 100% used [0x00000000d5580000,0x00000000d5880000,0x00000000d5880000)
  from space 512K, 81% used [0x00000000d5880000,0x00000000d58e8040,0x00000000d5900000)
  to   space 512K, 0% used [0x00000000d5a00000,0x00000000d5a00000,0x00000000d5a80000)
 ParOldGen       total 425984K, used 238271K [0x0000000080000000, 0x000000009a000000, 0x00000000d5580000)
  object space 425984K, 55% used [0x0000000080000000,0x000000008e8affa8,0x000000009a000000)
 Metaspace       used 77872K, committed 79552K, reserved 1179648K
  class space    used 9987K, committed 10752K, reserved 1048576K
}
Event: 239.673 GC heap after
{Heap after GC invocations=1359 (full 3):
 PSYoungGen      total 3584K, used 288K [0x00000000d5580000, 0x00000000d5a80000, 0x0000000100000000)
  eden space 3072K, 0% used [0x00000000d5580000,0x00000000d5580000,0x00000000d5880000)
  from space 512K, 56% used [0x00000000d5a00000,0x00000000d5a48000,0x00000000d5a80000)
  to   space 512K, 0% used [0x00000000d5880000,0x00000000d5880000,0x00000000d5900000)
 ParOldGen       total 425984K, used 238496K [0x0000000080000000, 0x000000009a000000, 0x00000000d5580000)
  object space 425984K, 55% used [0x0000000080000000,0x000000008e8e8008,0x000000009a000000)
 Metaspace       used 77872K, committed 79552K, reserved 1179648K
  class space    used 9987K, committed 10752K, reserved 1048576K
}
Event: 346.292 GC heap before
{Heap before GC invocations=1360 (full 3):
 PSYoungGen      total 3584K, used 3360K [0x00000000d5580000, 0x00000000d5a80000, 0x0000000100000000)
  eden space 3072K, 100% used [0x00000000d5580000,0x00000000d5880000,0x00000000d5880000)
  from space 512K, 56% used [0x00000000d5a00000,0x00000000d5a48000,0x00000000d5a80000)
  to   space 512K, 0% used [0x00000000d5880000,0x00000000d5880000,0x00000000d5900000)
 ParOldGen       total 425984K, used 238496K [0x0000000080000000, 0x000000009a000000, 0x00000000d5580000)
  object space 425984K, 55% used [0x0000000080000000,0x000000008e8e8008,0x000000009a000000)
 Metaspace       used 78256K, committed 79872K, reserved 1179648K
  class space    used 10048K, committed 10816K, reserved 1048576K
}
Event: 346.294 GC heap after
{Heap after GC invocations=1360 (full 3):
 PSYoungGen      total 3584K, used 256K [0x00000000d5580000, 0x00000000d5a80000, 0x0000000100000000)
  eden space 3072K, 0% used [0x00000000d5580000,0x00000000d5580000,0x00000000d5880000)
  from space 512K, 50% used [0x00000000d5880000,0x00000000d58c0000,0x00000000d5900000)
  to   space 512K, 0% used [0x00000000d5a00000,0x00000000d5a00000,0x00000000d5a80000)
 ParOldGen       total 425984K, used 238678K [0x0000000080000000, 0x000000009a000000, 0x00000000d5580000)
  object space 425984K, 56% used [0x0000000080000000,0x000000008e915bf8,0x000000009a000000)
 Metaspace       used 78256K, committed 79872K, reserved 1179648K
  class space    used 10048K, committed 10816K, reserved 1048576K
}

